<?xml version="1.0" encoding="UTF-8"?>
<testng-results skipped="0" failed="0" total="1" passed="1">
  <reporter-output>
  </reporter-output>
  <suite name="Default suite" duration-ms="21824" started-at="2020-07-25T14:12:57Z" finished-at="2020-07-25T14:13:19Z">
    <groups>
    </groups>
    <test name="Default test" duration-ms="21824" started-at="2020-07-25T14:12:57Z" finished-at="2020-07-25T14:13:19Z">
      <class name="utilities.loginPage">
        <test-method status="PASS" signature="url()[pri:0, instance:utilities.loginPage@6e3c1e69]" name="url" duration-ms="21807" started-at="2020-07-25T19:42:57Z" finished-at="2020-07-25T19:43:19Z">
          <reporter-output>
          </reporter-output>
        </test-method> <!-- url -->
      </class> <!-- utilities.loginPage -->
    </test> <!-- Default test -->
  </suite> <!-- Default suite -->
</testng-results>
